<?xml version="1.0" encoding="UTF-8"?>
<!-- Generated by org.testng.reporters.JUnitReportReporter -->
<testsuite hostname="DESKTOP-LV8GA09" failures="0" tests="1" name="content.ImplementSolution" time="45.086" errors="0" timestamp="2020-07-27T19:32:48 BDT" skipped="0">
  <testcase classname="content.ImplementSolution" name="Solution" time="45.086"/>
  <system-out/>
</testsuite> <!-- content.ImplementSolution -->
